The system is: Linux - 3.10.0-1062.18.1.el7.x86_64 - x86_64
Compiling the C compiler identification source file "CMakeCCompilerId.c" succeeded.
Compiler: /cvmfs/sft.cern.ch/lcg/releases/gcc/4.9.3/x86_64-slc6-gcc49-opt/bin/gcc 
Build flags: 
Id flags:  

The output was:
0


Compilation of the C compiler identification source "CMakeCCompilerId.c" produced "a.out"

The C compiler identification is GNU, found in "/afs/cern.ch/user/f/fdimicco/Work/Deutons/data_reduction/build/CMakeFiles/3.12.3/CompilerIdC/a.out"

Compiling the CXX compiler identification source file "CMakeCXXCompilerId.cpp" succeeded.
Compiler: /cvmfs/sft.cern.ch/lcg/releases/gcc/4.9.3/x86_64-slc6-gcc49-opt/bin/g++ 
Build flags: 
Id flags:  

The output was:
0


Compilation of the CXX compiler identification source "CMakeCXXCompilerId.cpp" produced "a.out"

The CXX compiler identification is GNU, found in "/afs/cern.ch/user/f/fdimicco/Work/Deutons/data_reduction/build/CMakeFiles/3.12.3/CompilerIdCXX/a.out"

Determining if the C compiler works passed with the following output:
Change Dir: /afs/cern.ch/user/f/fdimicco/Work/Deutons/data_reduction/build/CMakeFiles/CMakeTmp

Run Build Command:"/usr/bin/gmake" "cmTC_24709/fast"
/usr/bin/gmake -f CMakeFiles/cmTC_24709.dir/build.make CMakeFiles/cmTC_24709.dir/build
gmake[1]: Entering directory `/afs/cern.ch/work/f/fdimicco/private/Deutons/data_reduction/build/CMakeFiles/CMakeTmp'
Building C object CMakeFiles/cmTC_24709.dir/testCCompiler.c.o
/cvmfs/sft.cern.ch/lcg/releases/gcc/4.9.3/x86_64-slc6-gcc49-opt/bin/gcc    -o CMakeFiles/cmTC_24709.dir/testCCompiler.c.o   -c /afs/cern.ch/user/f/fdimicco/Work/Deutons/data_reduction/build/CMakeFiles/CMakeTmp/testCCompiler.c
Linking C executable cmTC_24709
/cvmfs/ams.cern.ch/Offline/dbar/public/installed/bin/cmake -E cmake_link_script CMakeFiles/cmTC_24709.dir/link.txt --verbose=1
/cvmfs/sft.cern.ch/lcg/releases/gcc/4.9.3/x86_64-slc6-gcc49-opt/bin/gcc      -rdynamic CMakeFiles/cmTC_24709.dir/testCCompiler.c.o  -o cmTC_24709 
gmake[1]: Leaving directory `/afs/cern.ch/work/f/fdimicco/private/Deutons/data_reduction/build/CMakeFiles/CMakeTmp'


Detecting C compiler ABI info compiled with the following output:
Change Dir: /afs/cern.ch/user/f/fdimicco/Work/Deutons/data_reduction/build/CMakeFiles/CMakeTmp

Run Build Command:"/usr/bin/gmake" "cmTC_54f30/fast"
/usr/bin/gmake -f CMakeFiles/cmTC_54f30.dir/build.make CMakeFiles/cmTC_54f30.dir/build
gmake[1]: Entering directory `/afs/cern.ch/work/f/fdimicco/private/Deutons/data_reduction/build/CMakeFiles/CMakeTmp'
Building C object CMakeFiles/cmTC_54f30.dir/CMakeCCompilerABI.c.o
/cvmfs/sft.cern.ch/lcg/releases/gcc/4.9.3/x86_64-slc6-gcc49-opt/bin/gcc    -o CMakeFiles/cmTC_54f30.dir/CMakeCCompilerABI.c.o   -c /cvmfs/ams.cern.ch/Offline/dbar/public/installed/share/cmake-3.12/Modules/CMakeCCompilerABI.c
Linking C executable cmTC_54f30
/cvmfs/ams.cern.ch/Offline/dbar/public/installed/bin/cmake -E cmake_link_script CMakeFiles/cmTC_54f30.dir/link.txt --verbose=1
/cvmfs/sft.cern.ch/lcg/releases/gcc/4.9.3/x86_64-slc6-gcc49-opt/bin/gcc     -v -rdynamic CMakeFiles/cmTC_54f30.dir/CMakeCCompilerABI.c.o  -o cmTC_54f30 
Using built-in specs.
COLLECT_GCC=/cvmfs/sft.cern.ch/lcg/releases/gcc/4.9.3/x86_64-slc6-gcc49-opt/bin/gcc
COLLECT_LTO_WRAPPER=/cvmfs/sft.cern.ch/lcg/contrib/gcc/4.9.3/x86_64-slc6/bin/../libexec/gcc/x86_64-unknown-linux-gnu/4.9.3/lto-wrapper
Target: x86_64-unknown-linux-gnu
Configured with: ../gcc-4.9.3/configure --prefix=/build/pmendez-sftnight/install-493/ --with-system-zlib --disable-multilib --enable-languages=all
Thread model: posix
gcc version 4.9.3 (GCC) 
COMPILER_PATH=/cvmfs/sft.cern.ch/lcg/contrib/gcc/4.9.3/x86_64-slc6/bin/../libexec/gcc/x86_64-unknown-linux-gnu/4.9.3/:/cvmfs/sft.cern.ch/lcg/contrib/gcc/4.9.3/x86_64-slc6/bin/../libexec/gcc/:/cvmfs/sft.cern.ch/lcg/releases/gcc/4.9.3/x86_64-slc6-gcc49-opt/lib/gcc/x86_64-unknown-linux-gnu/4.9.3/
LIBRARY_PATH=/cvmfs/sft.cern.ch/lcg/contrib/gcc/4.9.3/x86_64-slc6/bin/../lib/gcc/x86_64-unknown-linux-gnu/4.9.3/:/cvmfs/sft.cern.ch/lcg/contrib/gcc/4.9.3/x86_64-slc6/bin/../lib/gcc/:/cvmfs/sft.cern.ch/lcg/contrib/gcc/4.9.3/x86_64-slc6/bin/../lib/gcc/x86_64-unknown-linux-gnu/4.9.3/../../../../lib64/:/lib/../lib64/:/usr/lib/../lib64/:/cvmfs/sft.cern.ch/lcg/contrib/gcc/4.9.3/x86_64-slc6/bin/../lib/gcc/x86_64-unknown-linux-gnu/4.9.3/../../../:/lib/:/usr/lib/
COLLECT_GCC_OPTIONS='-v' '-rdynamic' '-o' 'cmTC_54f30' '-mtune=generic' '-march=x86-64'
 /cvmfs/sft.cern.ch/lcg/contrib/gcc/4.9.3/x86_64-slc6/bin/../libexec/gcc/x86_64-unknown-linux-gnu/4.9.3/collect2 --eh-frame-hdr -m elf_x86_64 -export-dynamic -dynamic-linker /lib64/ld-linux-x86-64.so.2 -o cmTC_54f30 /lib/../lib64/crt1.o /lib/../lib64/crti.o /cvmfs/sft.cern.ch/lcg/contrib/gcc/4.9.3/x86_64-slc6/bin/../lib/gcc/x86_64-unknown-linux-gnu/4.9.3/crtbegin.o -L/cvmfs/sft.cern.ch/lcg/contrib/gcc/4.9.3/x86_64-slc6/bin/../lib/gcc/x86_64-unknown-linux-gnu/4.9.3 -L/cvmfs/sft.cern.ch/lcg/contrib/gcc/4.9.3/x86_64-slc6/bin/../lib/gcc -L/cvmfs/sft.cern.ch/lcg/contrib/gcc/4.9.3/x86_64-slc6/bin/../lib/gcc/x86_64-unknown-linux-gnu/4.9.3/../../../../lib64 -L/lib/../lib64 -L/usr/lib/../lib64 -L/cvmfs/sft.cern.ch/lcg/contrib/gcc/4.9.3/x86_64-slc6/bin/../lib/gcc/x86_64-unknown-linux-gnu/4.9.3/../../.. CMakeFiles/cmTC_54f30.dir/CMakeCCompilerABI.c.o -lgcc --as-needed -lgcc_s --no-as-needed -lc -lgcc --as-needed -lgcc_s --no-as-needed /cvmfs/sft.cern.ch/lcg/contrib/gcc/4.9.3/x86_64-slc6/bin/../lib/gcc/x86_64-unknown-linux-gnu/4.9.3/crtend.o /lib/../lib64/crtn.o
gmake[1]: Leaving directory `/afs/cern.ch/work/f/fdimicco/private/Deutons/data_reduction/build/CMakeFiles/CMakeTmp'


Parsed C implicit link information from above output:
  link line regex: [^( *|.*[/\])(ld|CMAKE_LINK_STARTFILE-NOTFOUND|([^/\]+-)?ld|collect2)[^/\]*( |$)]
  ignore line: [Change Dir: /afs/cern.ch/user/f/fdimicco/Work/Deutons/data_reduction/build/CMakeFiles/CMakeTmp]
  ignore line: []
  ignore line: [Run Build Command:"/usr/bin/gmake" "cmTC_54f30/fast"]
  ignore line: [/usr/bin/gmake -f CMakeFiles/cmTC_54f30.dir/build.make CMakeFiles/cmTC_54f30.dir/build]
  ignore line: [gmake[1]: Entering directory `/afs/cern.ch/work/f/fdimicco/private/Deutons/data_reduction/build/CMakeFiles/CMakeTmp']
  ignore line: [Building C object CMakeFiles/cmTC_54f30.dir/CMakeCCompilerABI.c.o]
  ignore line: [/cvmfs/sft.cern.ch/lcg/releases/gcc/4.9.3/x86_64-slc6-gcc49-opt/bin/gcc    -o CMakeFiles/cmTC_54f30.dir/CMakeCCompilerABI.c.o   -c /cvmfs/ams.cern.ch/Offline/dbar/public/installed/share/cmake-3.12/Modules/CMakeCCompilerABI.c]
  ignore line: [Linking C executable cmTC_54f30]
  ignore line: [/cvmfs/ams.cern.ch/Offline/dbar/public/installed/bin/cmake -E cmake_link_script CMakeFiles/cmTC_54f30.dir/link.txt --verbose=1]
  ignore line: [/cvmfs/sft.cern.ch/lcg/releases/gcc/4.9.3/x86_64-slc6-gcc49-opt/bin/gcc     -v -rdynamic CMakeFiles/cmTC_54f30.dir/CMakeCCompilerABI.c.o  -o cmTC_54f30 ]
  ignore line: [Using built-in specs.]
  ignore line: [COLLECT_GCC=/cvmfs/sft.cern.ch/lcg/releases/gcc/4.9.3/x86_64-slc6-gcc49-opt/bin/gcc]
  ignore line: [COLLECT_LTO_WRAPPER=/cvmfs/sft.cern.ch/lcg/contrib/gcc/4.9.3/x86_64-slc6/bin/../libexec/gcc/x86_64-unknown-linux-gnu/4.9.3/lto-wrapper]
  ignore line: [Target: x86_64-unknown-linux-gnu]
  ignore line: [Configured with: ../gcc-4.9.3/configure --prefix=/build/pmendez-sftnight/install-493/ --with-system-zlib --disable-multilib --enable-languages=all]
  ignore line: [Thread model: posix]
  ignore line: [gcc version 4.9.3 (GCC) ]
  ignore line: [COMPILER_PATH=/cvmfs/sft.cern.ch/lcg/contrib/gcc/4.9.3/x86_64-slc6/bin/../libexec/gcc/x86_64-unknown-linux-gnu/4.9.3/:/cvmfs/sft.cern.ch/lcg/contrib/gcc/4.9.3/x86_64-slc6/bin/../libexec/gcc/:/cvmfs/sft.cern.ch/lcg/releases/gcc/4.9.3/x86_64-slc6-gcc49-opt/lib/gcc/x86_64-unknown-linux-gnu/4.9.3/]
  ignore line: [LIBRARY_PATH=/cvmfs/sft.cern.ch/lcg/contrib/gcc/4.9.3/x86_64-slc6/bin/../lib/gcc/x86_64-unknown-linux-gnu/4.9.3/:/cvmfs/sft.cern.ch/lcg/contrib/gcc/4.9.3/x86_64-slc6/bin/../lib/gcc/:/cvmfs/sft.cern.ch/lcg/contrib/gcc/4.9.3/x86_64-slc6/bin/../lib/gcc/x86_64-unknown-linux-gnu/4.9.3/../../../../lib64/:/lib/../lib64/:/usr/lib/../lib64/:/cvmfs/sft.cern.ch/lcg/contrib/gcc/4.9.3/x86_64-slc6/bin/../lib/gcc/x86_64-unknown-linux-gnu/4.9.3/../../../:/lib/:/usr/lib/]
  ignore line: [COLLECT_GCC_OPTIONS='-v' '-rdynamic' '-o' 'cmTC_54f30' '-mtune=generic' '-march=x86-64']
  link line: [ /cvmfs/sft.cern.ch/lcg/contrib/gcc/4.9.3/x86_64-slc6/bin/../libexec/gcc/x86_64-unknown-linux-gnu/4.9.3/collect2 --eh-frame-hdr -m elf_x86_64 -export-dynamic -dynamic-linker /lib64/ld-linux-x86-64.so.2 -o cmTC_54f30 /lib/../lib64/crt1.o /lib/../lib64/crti.o /cvmfs/sft.cern.ch/lcg/contrib/gcc/4.9.3/x86_64-slc6/bin/../lib/gcc/x86_64-unknown-linux-gnu/4.9.3/crtbegin.o -L/cvmfs/sft.cern.ch/lcg/contrib/gcc/4.9.3/x86_64-slc6/bin/../lib/gcc/x86_64-unknown-linux-gnu/4.9.3 -L/cvmfs/sft.cern.ch/lcg/contrib/gcc/4.9.3/x86_64-slc6/bin/../lib/gcc -L/cvmfs/sft.cern.ch/lcg/contrib/gcc/4.9.3/x86_64-slc6/bin/../lib/gcc/x86_64-unknown-linux-gnu/4.9.3/../../../../lib64 -L/lib/../lib64 -L/usr/lib/../lib64 -L/cvmfs/sft.cern.ch/lcg/contrib/gcc/4.9.3/x86_64-slc6/bin/../lib/gcc/x86_64-unknown-linux-gnu/4.9.3/../../.. CMakeFiles/cmTC_54f30.dir/CMakeCCompilerABI.c.o -lgcc --as-needed -lgcc_s --no-as-needed -lc -lgcc --as-needed -lgcc_s --no-as-needed /cvmfs/sft.cern.ch/lcg/contrib/gcc/4.9.3/x86_64-slc6/bin/../lib/gcc/x86_64-unknown-linux-gnu/4.9.3/crtend.o /lib/../lib64/crtn.o]
    arg [/cvmfs/sft.cern.ch/lcg/contrib/gcc/4.9.3/x86_64-slc6/bin/../libexec/gcc/x86_64-unknown-linux-gnu/4.9.3/collect2] ==> ignore
    arg [--eh-frame-hdr] ==> ignore
    arg [-m] ==> ignore
    arg [elf_x86_64] ==> ignore
    arg [-export-dynamic] ==> ignore
    arg [-dynamic-linker] ==> ignore
    arg [/lib64/ld-linux-x86-64.so.2] ==> ignore
    arg [-o] ==> ignore
    arg [cmTC_54f30] ==> ignore
    arg [/lib/../lib64/crt1.o] ==> ignore
    arg [/lib/../lib64/crti.o] ==> ignore
    arg [/cvmfs/sft.cern.ch/lcg/contrib/gcc/4.9.3/x86_64-slc6/bin/../lib/gcc/x86_64-unknown-linux-gnu/4.9.3/crtbegin.o] ==> ignore
    arg [-L/cvmfs/sft.cern.ch/lcg/contrib/gcc/4.9.3/x86_64-slc6/bin/../lib/gcc/x86_64-unknown-linux-gnu/4.9.3] ==> dir [/cvmfs/sft.cern.ch/lcg/contrib/gcc/4.9.3/x86_64-slc6/bin/../lib/gcc/x86_64-unknown-linux-gnu/4.9.3]
    arg [-L/cvmfs/sft.cern.ch/lcg/contrib/gcc/4.9.3/x86_64-slc6/bin/../lib/gcc] ==> dir [/cvmfs/sft.cern.ch/lcg/contrib/gcc/4.9.3/x86_64-slc6/bin/../lib/gcc]
    arg [-L/cvmfs/sft.cern.ch/lcg/contrib/gcc/4.9.3/x86_64-slc6/bin/../lib/gcc/x86_64-unknown-linux-gnu/4.9.3/../../../../lib64] ==> dir [/cvmfs/sft.cern.ch/lcg/contrib/gcc/4.9.3/x86_64-slc6/bin/../lib/gcc/x86_64-unknown-linux-gnu/4.9.3/../../../../lib64]
    arg [-L/lib/../lib64] ==> dir [/lib/../lib64]
    arg [-L/usr/lib/../lib64] ==> dir [/usr/lib/../lib64]
    arg [-L/cvmfs/sft.cern.ch/lcg/contrib/gcc/4.9.3/x86_64-slc6/bin/../lib/gcc/x86_64-unknown-linux-gnu/4.9.3/../../..] ==> dir [/cvmfs/sft.cern.ch/lcg/contrib/gcc/4.9.3/x86_64-slc6/bin/../lib/gcc/x86_64-unknown-linux-gnu/4.9.3/../../..]
    arg [CMakeFiles/cmTC_54f30.dir/CMakeCCompilerABI.c.o] ==> ignore
    arg [-lgcc] ==> lib [gcc]
    arg [--as-needed] ==> ignore
    arg [-lgcc_s] ==> lib [gcc_s]
    arg [--no-as-needed] ==> ignore
    arg [-lc] ==> lib [c]
    arg [-lgcc] ==> lib [gcc]
    arg [--as-needed] ==> ignore
    arg [-lgcc_s] ==> lib [gcc_s]
    arg [--no-as-needed] ==> ignore
    arg [/cvmfs/sft.cern.ch/lcg/contrib/gcc/4.9.3/x86_64-slc6/bin/../lib/gcc/x86_64-unknown-linux-gnu/4.9.3/crtend.o] ==> ignore
    arg [/lib/../lib64/crtn.o] ==> ignore
  collapse library dir [/cvmfs/sft.cern.ch/lcg/contrib/gcc/4.9.3/x86_64-slc6/bin/../lib/gcc/x86_64-unknown-linux-gnu/4.9.3] ==> [/cvmfs/sft.cern.ch/lcg/contrib/gcc/4.9.3/x86_64-slc6/lib/gcc/x86_64-unknown-linux-gnu/4.9.3]
  collapse library dir [/cvmfs/sft.cern.ch/lcg/contrib/gcc/4.9.3/x86_64-slc6/bin/../lib/gcc] ==> [/cvmfs/sft.cern.ch/lcg/contrib/gcc/4.9.3/x86_64-slc6/lib/gcc]
  collapse library dir [/cvmfs/sft.cern.ch/lcg/contrib/gcc/4.9.3/x86_64-slc6/bin/../lib/gcc/x86_64-unknown-linux-gnu/4.9.3/../../../../lib64] ==> [/cvmfs/sft.cern.ch/lcg/contrib/gcc/4.9.3/x86_64-slc6/lib64]
  collapse library dir [/lib/../lib64] ==> [/lib64]
  collapse library dir [/usr/lib/../lib64] ==> [/usr/lib64]
  collapse library dir [/cvmfs/sft.cern.ch/lcg/contrib/gcc/4.9.3/x86_64-slc6/bin/../lib/gcc/x86_64-unknown-linux-gnu/4.9.3/../../..] ==> [/cvmfs/sft.cern.ch/lcg/contrib/gcc/4.9.3/x86_64-slc6/lib]
  implicit libs: [gcc;gcc_s;c;gcc;gcc_s]
  implicit dirs: [/cvmfs/sft.cern.ch/lcg/contrib/gcc/4.9.3/x86_64-slc6/lib/gcc/x86_64-unknown-linux-gnu/4.9.3;/cvmfs/sft.cern.ch/lcg/contrib/gcc/4.9.3/x86_64-slc6/lib/gcc;/cvmfs/sft.cern.ch/lcg/contrib/gcc/4.9.3/x86_64-slc6/lib64;/lib64;/usr/lib64;/cvmfs/sft.cern.ch/lcg/contrib/gcc/4.9.3/x86_64-slc6/lib]
  implicit fwks: []




Detecting C [-std=c11] compiler features compiled with the following output:
Change Dir: /afs/cern.ch/user/f/fdimicco/Work/Deutons/data_reduction/build/CMakeFiles/CMakeTmp

Run Build Command:"/usr/bin/gmake" "cmTC_d9057/fast"
/usr/bin/gmake -f CMakeFiles/cmTC_d9057.dir/build.make CMakeFiles/cmTC_d9057.dir/build
gmake[1]: Entering directory `/afs/cern.ch/work/f/fdimicco/private/Deutons/data_reduction/build/CMakeFiles/CMakeTmp'
Building C object CMakeFiles/cmTC_d9057.dir/feature_tests.c.o
/cvmfs/sft.cern.ch/lcg/releases/gcc/4.9.3/x86_64-slc6-gcc49-opt/bin/gcc   -std=c11 -o CMakeFiles/cmTC_d9057.dir/feature_tests.c.o   -c /afs/cern.ch/user/f/fdimicco/Work/Deutons/data_reduction/build/CMakeFiles/feature_tests.c
Linking C executable cmTC_d9057
/cvmfs/ams.cern.ch/Offline/dbar/public/installed/bin/cmake -E cmake_link_script CMakeFiles/cmTC_d9057.dir/link.txt --verbose=1
/cvmfs/sft.cern.ch/lcg/releases/gcc/4.9.3/x86_64-slc6-gcc49-opt/bin/gcc      -rdynamic CMakeFiles/cmTC_d9057.dir/feature_tests.c.o  -o cmTC_d9057 
gmake[1]: Leaving directory `/afs/cern.ch/work/f/fdimicco/private/Deutons/data_reduction/build/CMakeFiles/CMakeTmp'


    Feature record: C_FEATURE:1c_function_prototypes
    Feature record: C_FEATURE:1c_restrict
    Feature record: C_FEATURE:1c_static_assert
    Feature record: C_FEATURE:1c_variadic_macros


Detecting C [-std=c99] compiler features compiled with the following output:
Change Dir: /afs/cern.ch/user/f/fdimicco/Work/Deutons/data_reduction/build/CMakeFiles/CMakeTmp

Run Build Command:"/usr/bin/gmake" "cmTC_2457a/fast"
/usr/bin/gmake -f CMakeFiles/cmTC_2457a.dir/build.make CMakeFiles/cmTC_2457a.dir/build
gmake[1]: Entering directory `/afs/cern.ch/work/f/fdimicco/private/Deutons/data_reduction/build/CMakeFiles/CMakeTmp'
Building C object CMakeFiles/cmTC_2457a.dir/feature_tests.c.o
/cvmfs/sft.cern.ch/lcg/releases/gcc/4.9.3/x86_64-slc6-gcc49-opt/bin/gcc   -std=c99 -o CMakeFiles/cmTC_2457a.dir/feature_tests.c.o   -c /afs/cern.ch/user/f/fdimicco/Work/Deutons/data_reduction/build/CMakeFiles/feature_tests.c
Linking C executable cmTC_2457a
/cvmfs/ams.cern.ch/Offline/dbar/public/installed/bin/cmake -E cmake_link_script CMakeFiles/cmTC_2457a.dir/link.txt --verbose=1
/cvmfs/sft.cern.ch/lcg/releases/gcc/4.9.3/x86_64-slc6-gcc49-opt/bin/gcc      -rdynamic CMakeFiles/cmTC_2457a.dir/feature_tests.c.o  -o cmTC_2457a 
gmake[1]: Leaving directory `/afs/cern.ch/work/f/fdimicco/private/Deutons/data_reduction/build/CMakeFiles/CMakeTmp'


    Feature record: C_FEATURE:1c_function_prototypes
    Feature record: C_FEATURE:1c_restrict
    Feature record: C_FEATURE:0c_static_assert
    Feature record: C_FEATURE:1c_variadic_macros


Detecting C [-std=c90] compiler features compiled with the following output:
Change Dir: /afs/cern.ch/user/f/fdimicco/Work/Deutons/data_reduction/build/CMakeFiles/CMakeTmp

Run Build Command:"/usr/bin/gmake" "cmTC_6e07f/fast"
/usr/bin/gmake -f CMakeFiles/cmTC_6e07f.dir/build.make CMakeFiles/cmTC_6e07f.dir/build
gmake[1]: Entering directory `/afs/cern.ch/work/f/fdimicco/private/Deutons/data_reduction/build/CMakeFiles/CMakeTmp'
Building C object CMakeFiles/cmTC_6e07f.dir/feature_tests.c.o
/cvmfs/sft.cern.ch/lcg/releases/gcc/4.9.3/x86_64-slc6-gcc49-opt/bin/gcc   -std=c90 -o CMakeFiles/cmTC_6e07f.dir/feature_tests.c.o   -c /afs/cern.ch/user/f/fdimicco/Work/Deutons/data_reduction/build/CMakeFiles/feature_tests.c
Linking C executable cmTC_6e07f
/cvmfs/ams.cern.ch/Offline/dbar/public/installed/bin/cmake -E cmake_link_script CMakeFiles/cmTC_6e07f.dir/link.txt --verbose=1
/cvmfs/sft.cern.ch/lcg/releases/gcc/4.9.3/x86_64-slc6-gcc49-opt/bin/gcc      -rdynamic CMakeFiles/cmTC_6e07f.dir/feature_tests.c.o  -o cmTC_6e07f 
gmake[1]: Leaving directory `/afs/cern.ch/work/f/fdimicco/private/Deutons/data_reduction/build/CMakeFiles/CMakeTmp'


    Feature record: C_FEATURE:1c_function_prototypes
    Feature record: C_FEATURE:0c_restrict
    Feature record: C_FEATURE:0c_static_assert
    Feature record: C_FEATURE:0c_variadic_macros
Determining if the CXX compiler works passed with the following output:
Change Dir: /afs/cern.ch/user/f/fdimicco/Work/Deutons/data_reduction/build/CMakeFiles/CMakeTmp

Run Build Command:"/usr/bin/gmake" "cmTC_14ec4/fast"
/usr/bin/gmake -f CMakeFiles/cmTC_14ec4.dir/build.make CMakeFiles/cmTC_14ec4.dir/build
gmake[1]: Entering directory `/afs/cern.ch/work/f/fdimicco/private/Deutons/data_reduction/build/CMakeFiles/CMakeTmp'
Building CXX object CMakeFiles/cmTC_14ec4.dir/testCXXCompiler.cxx.o
/cvmfs/sft.cern.ch/lcg/releases/gcc/4.9.3/x86_64-slc6-gcc49-opt/bin/g++     -o CMakeFiles/cmTC_14ec4.dir/testCXXCompiler.cxx.o -c /afs/cern.ch/user/f/fdimicco/Work/Deutons/data_reduction/build/CMakeFiles/CMakeTmp/testCXXCompiler.cxx
Linking CXX executable cmTC_14ec4
/cvmfs/ams.cern.ch/Offline/dbar/public/installed/bin/cmake -E cmake_link_script CMakeFiles/cmTC_14ec4.dir/link.txt --verbose=1
/cvmfs/sft.cern.ch/lcg/releases/gcc/4.9.3/x86_64-slc6-gcc49-opt/bin/g++       -rdynamic CMakeFiles/cmTC_14ec4.dir/testCXXCompiler.cxx.o  -o cmTC_14ec4 
gmake[1]: Leaving directory `/afs/cern.ch/work/f/fdimicco/private/Deutons/data_reduction/build/CMakeFiles/CMakeTmp'


Detecting CXX compiler ABI info compiled with the following output:
Change Dir: /afs/cern.ch/user/f/fdimicco/Work/Deutons/data_reduction/build/CMakeFiles/CMakeTmp

Run Build Command:"/usr/bin/gmake" "cmTC_c17a5/fast"
/usr/bin/gmake -f CMakeFiles/cmTC_c17a5.dir/build.make CMakeFiles/cmTC_c17a5.dir/build
gmake[1]: Entering directory `/afs/cern.ch/work/f/fdimicco/private/Deutons/data_reduction/build/CMakeFiles/CMakeTmp'
Building CXX object CMakeFiles/cmTC_c17a5.dir/CMakeCXXCompilerABI.cpp.o
/cvmfs/sft.cern.ch/lcg/releases/gcc/4.9.3/x86_64-slc6-gcc49-opt/bin/g++     -o CMakeFiles/cmTC_c17a5.dir/CMakeCXXCompilerABI.cpp.o -c /cvmfs/ams.cern.ch/Offline/dbar/public/installed/share/cmake-3.12/Modules/CMakeCXXCompilerABI.cpp
Linking CXX executable cmTC_c17a5
/cvmfs/ams.cern.ch/Offline/dbar/public/installed/bin/cmake -E cmake_link_script CMakeFiles/cmTC_c17a5.dir/link.txt --verbose=1
/cvmfs/sft.cern.ch/lcg/releases/gcc/4.9.3/x86_64-slc6-gcc49-opt/bin/g++      -v -rdynamic CMakeFiles/cmTC_c17a5.dir/CMakeCXXCompilerABI.cpp.o  -o cmTC_c17a5 
Using built-in specs.
COLLECT_GCC=/cvmfs/sft.cern.ch/lcg/releases/gcc/4.9.3/x86_64-slc6-gcc49-opt/bin/g++
COLLECT_LTO_WRAPPER=/cvmfs/sft.cern.ch/lcg/contrib/gcc/4.9.3/x86_64-slc6/bin/../libexec/gcc/x86_64-unknown-linux-gnu/4.9.3/lto-wrapper
Target: x86_64-unknown-linux-gnu
Configured with: ../gcc-4.9.3/configure --prefix=/build/pmendez-sftnight/install-493/ --with-system-zlib --disable-multilib --enable-languages=all
Thread model: posix
gcc version 4.9.3 (GCC) 
COMPILER_PATH=/cvmfs/sft.cern.ch/lcg/contrib/gcc/4.9.3/x86_64-slc6/bin/../libexec/gcc/x86_64-unknown-linux-gnu/4.9.3/:/cvmfs/sft.cern.ch/lcg/contrib/gcc/4.9.3/x86_64-slc6/bin/../libexec/gcc/:/cvmfs/sft.cern.ch/lcg/releases/gcc/4.9.3/x86_64-slc6-gcc49-opt/lib/gcc/x86_64-unknown-linux-gnu/4.9.3/
LIBRARY_PATH=/cvmfs/sft.cern.ch/lcg/contrib/gcc/4.9.3/x86_64-slc6/bin/../lib/gcc/x86_64-unknown-linux-gnu/4.9.3/:/cvmfs/sft.cern.ch/lcg/contrib/gcc/4.9.3/x86_64-slc6/bin/../lib/gcc/:/cvmfs/sft.cern.ch/lcg/contrib/gcc/4.9.3/x86_64-slc6/bin/../lib/gcc/x86_64-unknown-linux-gnu/4.9.3/../../../../lib64/:/lib/../lib64/:/usr/lib/../lib64/:/cvmfs/sft.cern.ch/lcg/contrib/gcc/4.9.3/x86_64-slc6/bin/../lib/gcc/x86_64-unknown-linux-gnu/4.9.3/../../../:/lib/:/usr/lib/
COLLECT_GCC_OPTIONS='-v' '-rdynamic' '-o' 'cmTC_c17a5' '-shared-libgcc' '-mtune=generic' '-march=x86-64'
 /cvmfs/sft.cern.ch/lcg/contrib/gcc/4.9.3/x86_64-slc6/bin/../libexec/gcc/x86_64-unknown-linux-gnu/4.9.3/collect2 --eh-frame-hdr -m elf_x86_64 -export-dynamic -dynamic-linker /lib64/ld-linux-x86-64.so.2 -o cmTC_c17a5 /lib/../lib64/crt1.o /lib/../lib64/crti.o /cvmfs/sft.cern.ch/lcg/contrib/gcc/4.9.3/x86_64-slc6/bin/../lib/gcc/x86_64-unknown-linux-gnu/4.9.3/crtbegin.o -L/cvmfs/sft.cern.ch/lcg/contrib/gcc/4.9.3/x86_64-slc6/bin/../lib/gcc/x86_64-unknown-linux-gnu/4.9.3 -L/cvmfs/sft.cern.ch/lcg/contrib/gcc/4.9.3/x86_64-slc6/bin/../lib/gcc -L/cvmfs/sft.cern.ch/lcg/contrib/gcc/4.9.3/x86_64-slc6/bin/../lib/gcc/x86_64-unknown-linux-gnu/4.9.3/../../../../lib64 -L/lib/../lib64 -L/usr/lib/../lib64 -L/cvmfs/sft.cern.ch/lcg/contrib/gcc/4.9.3/x86_64-slc6/bin/../lib/gcc/x86_64-unknown-linux-gnu/4.9.3/../../.. CMakeFiles/cmTC_c17a5.dir/CMakeCXXCompilerABI.cpp.o -lstdc++ -lm -lgcc_s -lgcc -lc -lgcc_s -lgcc /cvmfs/sft.cern.ch/lcg/contrib/gcc/4.9.3/x86_64-slc6/bin/../lib/gcc/x86_64-unknown-linux-gnu/4.9.3/crtend.o /lib/../lib64/crtn.o
gmake[1]: Leaving directory `/afs/cern.ch/work/f/fdimicco/private/Deutons/data_reduction/build/CMakeFiles/CMakeTmp'


Parsed CXX implicit link information from above output:
  link line regex: [^( *|.*[/\])(ld|CMAKE_LINK_STARTFILE-NOTFOUND|([^/\]+-)?ld|collect2)[^/\]*( |$)]
  ignore line: [Change Dir: /afs/cern.ch/user/f/fdimicco/Work/Deutons/data_reduction/build/CMakeFiles/CMakeTmp]
  ignore line: []
  ignore line: [Run Build Command:"/usr/bin/gmake" "cmTC_c17a5/fast"]
  ignore line: [/usr/bin/gmake -f CMakeFiles/cmTC_c17a5.dir/build.make CMakeFiles/cmTC_c17a5.dir/build]
  ignore line: [gmake[1]: Entering directory `/afs/cern.ch/work/f/fdimicco/private/Deutons/data_reduction/build/CMakeFiles/CMakeTmp']
  ignore line: [Building CXX object CMakeFiles/cmTC_c17a5.dir/CMakeCXXCompilerABI.cpp.o]
  ignore line: [/cvmfs/sft.cern.ch/lcg/releases/gcc/4.9.3/x86_64-slc6-gcc49-opt/bin/g++     -o CMakeFiles/cmTC_c17a5.dir/CMakeCXXCompilerABI.cpp.o -c /cvmfs/ams.cern.ch/Offline/dbar/public/installed/share/cmake-3.12/Modules/CMakeCXXCompilerABI.cpp]
  ignore line: [Linking CXX executable cmTC_c17a5]
  ignore line: [/cvmfs/ams.cern.ch/Offline/dbar/public/installed/bin/cmake -E cmake_link_script CMakeFiles/cmTC_c17a5.dir/link.txt --verbose=1]
  ignore line: [/cvmfs/sft.cern.ch/lcg/releases/gcc/4.9.3/x86_64-slc6-gcc49-opt/bin/g++      -v -rdynamic CMakeFiles/cmTC_c17a5.dir/CMakeCXXCompilerABI.cpp.o  -o cmTC_c17a5 ]
  ignore line: [Using built-in specs.]
  ignore line: [COLLECT_GCC=/cvmfs/sft.cern.ch/lcg/releases/gcc/4.9.3/x86_64-slc6-gcc49-opt/bin/g++]
  ignore line: [COLLECT_LTO_WRAPPER=/cvmfs/sft.cern.ch/lcg/contrib/gcc/4.9.3/x86_64-slc6/bin/../libexec/gcc/x86_64-unknown-linux-gnu/4.9.3/lto-wrapper]
  ignore line: [Target: x86_64-unknown-linux-gnu]
  ignore line: [Configured with: ../gcc-4.9.3/configure --prefix=/build/pmendez-sftnight/install-493/ --with-system-zlib --disable-multilib --enable-languages=all]
  ignore line: [Thread model: posix]
  ignore line: [gcc version 4.9.3 (GCC) ]
  ignore line: [COMPILER_PATH=/cvmfs/sft.cern.ch/lcg/contrib/gcc/4.9.3/x86_64-slc6/bin/../libexec/gcc/x86_64-unknown-linux-gnu/4.9.3/:/cvmfs/sft.cern.ch/lcg/contrib/gcc/4.9.3/x86_64-slc6/bin/../libexec/gcc/:/cvmfs/sft.cern.ch/lcg/releases/gcc/4.9.3/x86_64-slc6-gcc49-opt/lib/gcc/x86_64-unknown-linux-gnu/4.9.3/]
  ignore line: [LIBRARY_PATH=/cvmfs/sft.cern.ch/lcg/contrib/gcc/4.9.3/x86_64-slc6/bin/../lib/gcc/x86_64-unknown-linux-gnu/4.9.3/:/cvmfs/sft.cern.ch/lcg/contrib/gcc/4.9.3/x86_64-slc6/bin/../lib/gcc/:/cvmfs/sft.cern.ch/lcg/contrib/gcc/4.9.3/x86_64-slc6/bin/../lib/gcc/x86_64-unknown-linux-gnu/4.9.3/../../../../lib64/:/lib/../lib64/:/usr/lib/../lib64/:/cvmfs/sft.cern.ch/lcg/contrib/gcc/4.9.3/x86_64-slc6/bin/../lib/gcc/x86_64-unknown-linux-gnu/4.9.3/../../../:/lib/:/usr/lib/]
  ignore line: [COLLECT_GCC_OPTIONS='-v' '-rdynamic' '-o' 'cmTC_c17a5' '-shared-libgcc' '-mtune=generic' '-march=x86-64']
  link line: [ /cvmfs/sft.cern.ch/lcg/contrib/gcc/4.9.3/x86_64-slc6/bin/../libexec/gcc/x86_64-unknown-linux-gnu/4.9.3/collect2 --eh-frame-hdr -m elf_x86_64 -export-dynamic -dynamic-linker /lib64/ld-linux-x86-64.so.2 -o cmTC_c17a5 /lib/../lib64/crt1.o /lib/../lib64/crti.o /cvmfs/sft.cern.ch/lcg/contrib/gcc/4.9.3/x86_64-slc6/bin/../lib/gcc/x86_64-unknown-linux-gnu/4.9.3/crtbegin.o -L/cvmfs/sft.cern.ch/lcg/contrib/gcc/4.9.3/x86_64-slc6/bin/../lib/gcc/x86_64-unknown-linux-gnu/4.9.3 -L/cvmfs/sft.cern.ch/lcg/contrib/gcc/4.9.3/x86_64-slc6/bin/../lib/gcc -L/cvmfs/sft.cern.ch/lcg/contrib/gcc/4.9.3/x86_64-slc6/bin/../lib/gcc/x86_64-unknown-linux-gnu/4.9.3/../../../../lib64 -L/lib/../lib64 -L/usr/lib/../lib64 -L/cvmfs/sft.cern.ch/lcg/contrib/gcc/4.9.3/x86_64-slc6/bin/../lib/gcc/x86_64-unknown-linux-gnu/4.9.3/../../.. CMakeFiles/cmTC_c17a5.dir/CMakeCXXCompilerABI.cpp.o -lstdc++ -lm -lgcc_s -lgcc -lc -lgcc_s -lgcc /cvmfs/sft.cern.ch/lcg/contrib/gcc/4.9.3/x86_64-slc6/bin/../lib/gcc/x86_64-unknown-linux-gnu/4.9.3/crtend.o /lib/../lib64/crtn.o]
    arg [/cvmfs/sft.cern.ch/lcg/contrib/gcc/4.9.3/x86_64-slc6/bin/../libexec/gcc/x86_64-unknown-linux-gnu/4.9.3/collect2] ==> ignore
    arg [--eh-frame-hdr] ==> ignore
    arg [-m] ==> ignore
    arg [elf_x86_64] ==> ignore
    arg [-export-dynamic] ==> ignore
    arg [-dynamic-linker] ==> ignore
    arg [/lib64/ld-linux-x86-64.so.2] ==> ignore
    arg [-o] ==> ignore
    arg [cmTC_c17a5] ==> ignore
    arg [/lib/../lib64/crt1.o] ==> ignore
    arg [/lib/../lib64/crti.o] ==> ignore
    arg [/cvmfs/sft.cern.ch/lcg/contrib/gcc/4.9.3/x86_64-slc6/bin/../lib/gcc/x86_64-unknown-linux-gnu/4.9.3/crtbegin.o] ==> ignore
    arg [-L/cvmfs/sft.cern.ch/lcg/contrib/gcc/4.9.3/x86_64-slc6/bin/../lib/gcc/x86_64-unknown-linux-gnu/4.9.3] ==> dir [/cvmfs/sft.cern.ch/lcg/contrib/gcc/4.9.3/x86_64-slc6/bin/../lib/gcc/x86_64-unknown-linux-gnu/4.9.3]
    arg [-L/cvmfs/sft.cern.ch/lcg/contrib/gcc/4.9.3/x86_64-slc6/bin/../lib/gcc] ==> dir [/cvmfs/sft.cern.ch/lcg/contrib/gcc/4.9.3/x86_64-slc6/bin/../lib/gcc]
    arg [-L/cvmfs/sft.cern.ch/lcg/contrib/gcc/4.9.3/x86_64-slc6/bin/../lib/gcc/x86_64-unknown-linux-gnu/4.9.3/../../../../lib64] ==> dir [/cvmfs/sft.cern.ch/lcg/contrib/gcc/4.9.3/x86_64-slc6/bin/../lib/gcc/x86_64-unknown-linux-gnu/4.9.3/../../../../lib64]
    arg [-L/lib/../lib64] ==> dir [/lib/../lib64]
    arg [-L/usr/lib/../lib64] ==> dir [/usr/lib/../lib64]
    arg [-L/cvmfs/sft.cern.ch/lcg/contrib/gcc/4.9.3/x86_64-slc6/bin/../lib/gcc/x86_64-unknown-linux-gnu/4.9.3/../../..] ==> dir [/cvmfs/sft.cern.ch/lcg/contrib/gcc/4.9.3/x86_64-slc6/bin/../lib/gcc/x86_64-unknown-linux-gnu/4.9.3/../../..]
    arg [CMakeFiles/cmTC_c17a5.dir/CMakeCXXCompilerABI.cpp.o] ==> ignore
    arg [-lstdc++] ==> lib [stdc++]
    arg [-lm] ==> lib [m]
    arg [-lgcc_s] ==> lib [gcc_s]
    arg [-lgcc] ==> lib [gcc]
    arg [-lc] ==> lib [c]
    arg [-lgcc_s] ==> lib [gcc_s]
    arg [-lgcc] ==> lib [gcc]
    arg [/cvmfs/sft.cern.ch/lcg/contrib/gcc/4.9.3/x86_64-slc6/bin/../lib/gcc/x86_64-unknown-linux-gnu/4.9.3/crtend.o] ==> ignore
    arg [/lib/../lib64/crtn.o] ==> ignore
  collapse library dir [/cvmfs/sft.cern.ch/lcg/contrib/gcc/4.9.3/x86_64-slc6/bin/../lib/gcc/x86_64-unknown-linux-gnu/4.9.3] ==> [/cvmfs/sft.cern.ch/lcg/contrib/gcc/4.9.3/x86_64-slc6/lib/gcc/x86_64-unknown-linux-gnu/4.9.3]
  collapse library dir [/cvmfs/sft.cern.ch/lcg/contrib/gcc/4.9.3/x86_64-slc6/bin/../lib/gcc] ==> [/cvmfs/sft.cern.ch/lcg/contrib/gcc/4.9.3/x86_64-slc6/lib/gcc]
  collapse library dir [/cvmfs/sft.cern.ch/lcg/contrib/gcc/4.9.3/x86_64-slc6/bin/../lib/gcc/x86_64-unknown-linux-gnu/4.9.3/../../../../lib64] ==> [/cvmfs/sft.cern.ch/lcg/contrib/gcc/4.9.3/x86_64-slc6/lib64]
  collapse library dir [/lib/../lib64] ==> [/lib64]
  collapse library dir [/usr/lib/../lib64] ==> [/usr/lib64]
  collapse library dir [/cvmfs/sft.cern.ch/lcg/contrib/gcc/4.9.3/x86_64-slc6/bin/../lib/gcc/x86_64-unknown-linux-gnu/4.9.3/../../..] ==> [/cvmfs/sft.cern.ch/lcg/contrib/gcc/4.9.3/x86_64-slc6/lib]
  implicit libs: [stdc++;m;gcc_s;gcc;c;gcc_s;gcc]
  implicit dirs: [/cvmfs/sft.cern.ch/lcg/contrib/gcc/4.9.3/x86_64-slc6/lib/gcc/x86_64-unknown-linux-gnu/4.9.3;/cvmfs/sft.cern.ch/lcg/contrib/gcc/4.9.3/x86_64-slc6/lib/gcc;/cvmfs/sft.cern.ch/lcg/contrib/gcc/4.9.3/x86_64-slc6/lib64;/lib64;/usr/lib64;/cvmfs/sft.cern.ch/lcg/contrib/gcc/4.9.3/x86_64-slc6/lib]
  implicit fwks: []




Detecting CXX [-std=c++14] compiler features compiled with the following output:
Change Dir: /afs/cern.ch/user/f/fdimicco/Work/Deutons/data_reduction/build/CMakeFiles/CMakeTmp

Run Build Command:"/usr/bin/gmake" "cmTC_b7f12/fast"
/usr/bin/gmake -f CMakeFiles/cmTC_b7f12.dir/build.make CMakeFiles/cmTC_b7f12.dir/build
gmake[1]: Entering directory `/afs/cern.ch/work/f/fdimicco/private/Deutons/data_reduction/build/CMakeFiles/CMakeTmp'
Building CXX object CMakeFiles/cmTC_b7f12.dir/feature_tests.cxx.o
/cvmfs/sft.cern.ch/lcg/releases/gcc/4.9.3/x86_64-slc6-gcc49-opt/bin/g++    -std=c++14 -o CMakeFiles/cmTC_b7f12.dir/feature_tests.cxx.o -c /afs/cern.ch/user/f/fdimicco/Work/Deutons/data_reduction/build/CMakeFiles/feature_tests.cxx
Linking CXX executable cmTC_b7f12
/cvmfs/ams.cern.ch/Offline/dbar/public/installed/bin/cmake -E cmake_link_script CMakeFiles/cmTC_b7f12.dir/link.txt --verbose=1
/cvmfs/sft.cern.ch/lcg/releases/gcc/4.9.3/x86_64-slc6-gcc49-opt/bin/g++       -rdynamic CMakeFiles/cmTC_b7f12.dir/feature_tests.cxx.o  -o cmTC_b7f12 
gmake[1]: Leaving directory `/afs/cern.ch/work/f/fdimicco/private/Deutons/data_reduction/build/CMakeFiles/CMakeTmp'


    Feature record: CXX_FEATURE:0cxx_aggregate_default_initializers
    Feature record: CXX_FEATURE:1cxx_alias_templates
    Feature record: CXX_FEATURE:1cxx_alignas
    Feature record: CXX_FEATURE:1cxx_alignof
    Feature record: CXX_FEATURE:1cxx_attributes
    Feature record: CXX_FEATURE:1cxx_attribute_deprecated
    Feature record: CXX_FEATURE:1cxx_auto_type
    Feature record: CXX_FEATURE:1cxx_binary_literals
    Feature record: CXX_FEATURE:1cxx_constexpr
    Feature record: CXX_FEATURE:1cxx_contextual_conversions
    Feature record: CXX_FEATURE:1cxx_decltype
    Feature record: CXX_FEATURE:1cxx_decltype_auto
    Feature record: CXX_FEATURE:1cxx_decltype_incomplete_return_types
    Feature record: CXX_FEATURE:1cxx_default_function_template_args
    Feature record: CXX_FEATURE:1cxx_defaulted_functions
    Feature record: CXX_FEATURE:1cxx_defaulted_move_initializers
    Feature record: CXX_FEATURE:1cxx_delegating_constructors
    Feature record: CXX_FEATURE:1cxx_deleted_functions
    Feature record: CXX_FEATURE:1cxx_digit_separators
    Feature record: CXX_FEATURE:1cxx_enum_forward_declarations
    Feature record: CXX_FEATURE:1cxx_explicit_conversions
    Feature record: CXX_FEATURE:1cxx_extended_friend_declarations
    Feature record: CXX_FEATURE:1cxx_extern_templates
    Feature record: CXX_FEATURE:1cxx_final
    Feature record: CXX_FEATURE:1cxx_func_identifier
    Feature record: CXX_FEATURE:1cxx_generalized_initializers
    Feature record: CXX_FEATURE:1cxx_generic_lambdas
    Feature record: CXX_FEATURE:1cxx_inheriting_constructors
    Feature record: CXX_FEATURE:1cxx_inline_namespaces
    Feature record: CXX_FEATURE:1cxx_lambdas
    Feature record: CXX_FEATURE:1cxx_lambda_init_captures
    Feature record: CXX_FEATURE:1cxx_local_type_template_args
    Feature record: CXX_FEATURE:1cxx_long_long_type
    Feature record: CXX_FEATURE:1cxx_noexcept
    Feature record: CXX_FEATURE:1cxx_nonstatic_member_init
    Feature record: CXX_FEATURE:1cxx_nullptr
    Feature record: CXX_FEATURE:1cxx_override
    Feature record: CXX_FEATURE:1cxx_range_for
    Feature record: CXX_FEATURE:1cxx_raw_string_literals
    Feature record: CXX_FEATURE:1cxx_reference_qualified_functions
    Feature record: CXX_FEATURE:0cxx_relaxed_constexpr
    Feature record: CXX_FEATURE:1cxx_return_type_deduction
    Feature record: CXX_FEATURE:1cxx_right_angle_brackets
    Feature record: CXX_FEATURE:1cxx_rvalue_references
    Feature record: CXX_FEATURE:1cxx_sizeof_member
    Feature record: CXX_FEATURE:1cxx_static_assert
    Feature record: CXX_FEATURE:1cxx_strong_enums
    Feature record: CXX_FEATURE:1cxx_template_template_parameters
    Feature record: CXX_FEATURE:1cxx_thread_local
    Feature record: CXX_FEATURE:1cxx_trailing_return_types
    Feature record: CXX_FEATURE:1cxx_unicode_literals
    Feature record: CXX_FEATURE:1cxx_uniform_initialization
    Feature record: CXX_FEATURE:1cxx_unrestricted_unions
    Feature record: CXX_FEATURE:1cxx_user_literals
    Feature record: CXX_FEATURE:0cxx_variable_templates
    Feature record: CXX_FEATURE:1cxx_variadic_macros
    Feature record: CXX_FEATURE:1cxx_variadic_templates


Detecting CXX [-std=c++11] compiler features compiled with the following output:
Change Dir: /afs/cern.ch/user/f/fdimicco/Work/Deutons/data_reduction/build/CMakeFiles/CMakeTmp

Run Build Command:"/usr/bin/gmake" "cmTC_394d6/fast"
/usr/bin/gmake -f CMakeFiles/cmTC_394d6.dir/build.make CMakeFiles/cmTC_394d6.dir/build
gmake[1]: Entering directory `/afs/cern.ch/work/f/fdimicco/private/Deutons/data_reduction/build/CMakeFiles/CMakeTmp'
Building CXX object CMakeFiles/cmTC_394d6.dir/feature_tests.cxx.o
/cvmfs/sft.cern.ch/lcg/releases/gcc/4.9.3/x86_64-slc6-gcc49-opt/bin/g++    -std=c++11 -o CMakeFiles/cmTC_394d6.dir/feature_tests.cxx.o -c /afs/cern.ch/user/f/fdimicco/Work/Deutons/data_reduction/build/CMakeFiles/feature_tests.cxx
Linking CXX executable cmTC_394d6
/cvmfs/ams.cern.ch/Offline/dbar/public/installed/bin/cmake -E cmake_link_script CMakeFiles/cmTC_394d6.dir/link.txt --verbose=1
/cvmfs/sft.cern.ch/lcg/releases/gcc/4.9.3/x86_64-slc6-gcc49-opt/bin/g++       -rdynamic CMakeFiles/cmTC_394d6.dir/feature_tests.cxx.o  -o cmTC_394d6 
gmake[1]: Leaving directory `/afs/cern.ch/work/f/fdimicco/private/Deutons/data_reduction/build/CMakeFiles/CMakeTmp'


    Feature record: CXX_FEATURE:0cxx_aggregate_default_initializers
    Feature record: CXX_FEATURE:1cxx_alias_templates
    Feature record: CXX_FEATURE:1cxx_alignas
    Feature record: CXX_FEATURE:1cxx_alignof
    Feature record: CXX_FEATURE:1cxx_attributes
    Feature record: CXX_FEATURE:0cxx_attribute_deprecated
    Feature record: CXX_FEATURE:1cxx_auto_type
    Feature record: CXX_FEATURE:0cxx_binary_literals
    Feature record: CXX_FEATURE:1cxx_constexpr
    Feature record: CXX_FEATURE:0cxx_contextual_conversions
    Feature record: CXX_FEATURE:1cxx_decltype
    Feature record: CXX_FEATURE:0cxx_decltype_auto
    Feature record: CXX_FEATURE:1cxx_decltype_incomplete_return_types
    Feature record: CXX_FEATURE:1cxx_default_function_template_args
    Feature record: CXX_FEATURE:1cxx_defaulted_functions
    Feature record: CXX_FEATURE:1cxx_defaulted_move_initializers
    Feature record: CXX_FEATURE:1cxx_delegating_constructors
    Feature record: CXX_FEATURE:1cxx_deleted_functions
    Feature record: CXX_FEATURE:0cxx_digit_separators
    Feature record: CXX_FEATURE:1cxx_enum_forward_declarations
    Feature record: CXX_FEATURE:1cxx_explicit_conversions
    Feature record: CXX_FEATURE:1cxx_extended_friend_declarations
    Feature record: CXX_FEATURE:1cxx_extern_templates
    Feature record: CXX_FEATURE:1cxx_final
    Feature record: CXX_FEATURE:1cxx_func_identifier
    Feature record: CXX_FEATURE:1cxx_generalized_initializers
    Feature record: CXX_FEATURE:0cxx_generic_lambdas
    Feature record: CXX_FEATURE:1cxx_inheriting_constructors
    Feature record: CXX_FEATURE:1cxx_inline_namespaces
    Feature record: CXX_FEATURE:1cxx_lambdas
    Feature record: CXX_FEATURE:0cxx_lambda_init_captures
    Feature record: CXX_FEATURE:1cxx_local_type_template_args
    Feature record: CXX_FEATURE:1cxx_long_long_type
    Feature record: CXX_FEATURE:1cxx_noexcept
    Feature record: CXX_FEATURE:1cxx_nonstatic_member_init
    Feature record: CXX_FEATURE:1cxx_nullptr
    Feature record: CXX_FEATURE:1cxx_override
    Feature record: CXX_FEATURE:1cxx_range_for
    Feature record: CXX_FEATURE:1cxx_raw_string_literals
    Feature record: CXX_FEATURE:1cxx_reference_qualified_functions
    Feature record: CXX_FEATURE:0cxx_relaxed_constexpr
    Feature record: CXX_FEATURE:0cxx_return_type_deduction
    Feature record: CXX_FEATURE:1cxx_right_angle_brackets
    Feature record: CXX_FEATURE:1cxx_rvalue_references
    Feature record: CXX_FEATURE:1cxx_sizeof_member
    Feature record: CXX_FEATURE:1cxx_static_assert
    Feature record: CXX_FEATURE:1cxx_strong_enums
    Feature record: CXX_FEATURE:1cxx_template_template_parameters
    Feature record: CXX_FEATURE:1cxx_thread_local
    Feature record: CXX_FEATURE:1cxx_trailing_return_types
    Feature record: CXX_FEATURE:1cxx_unicode_literals
    Feature record: CXX_FEATURE:1cxx_uniform_initialization
    Feature record: CXX_FEATURE:1cxx_unrestricted_unions
    Feature record: CXX_FEATURE:1cxx_user_literals
    Feature record: CXX_FEATURE:0cxx_variable_templates
    Feature record: CXX_FEATURE:1cxx_variadic_macros
    Feature record: CXX_FEATURE:1cxx_variadic_templates


Detecting CXX [-std=c++98] compiler features compiled with the following output:
Change Dir: /afs/cern.ch/user/f/fdimicco/Work/Deutons/data_reduction/build/CMakeFiles/CMakeTmp

Run Build Command:"/usr/bin/gmake" "cmTC_a6b50/fast"
/usr/bin/gmake -f CMakeFiles/cmTC_a6b50.dir/build.make CMakeFiles/cmTC_a6b50.dir/build
gmake[1]: Entering directory `/afs/cern.ch/work/f/fdimicco/private/Deutons/data_reduction/build/CMakeFiles/CMakeTmp'
Building CXX object CMakeFiles/cmTC_a6b50.dir/feature_tests.cxx.o
/cvmfs/sft.cern.ch/lcg/releases/gcc/4.9.3/x86_64-slc6-gcc49-opt/bin/g++    -std=c++98 -o CMakeFiles/cmTC_a6b50.dir/feature_tests.cxx.o -c /afs/cern.ch/user/f/fdimicco/Work/Deutons/data_reduction/build/CMakeFiles/feature_tests.cxx
Linking CXX executable cmTC_a6b50
/cvmfs/ams.cern.ch/Offline/dbar/public/installed/bin/cmake -E cmake_link_script CMakeFiles/cmTC_a6b50.dir/link.txt --verbose=1
/cvmfs/sft.cern.ch/lcg/releases/gcc/4.9.3/x86_64-slc6-gcc49-opt/bin/g++       -rdynamic CMakeFiles/cmTC_a6b50.dir/feature_tests.cxx.o  -o cmTC_a6b50 
gmake[1]: Leaving directory `/afs/cern.ch/work/f/fdimicco/private/Deutons/data_reduction/build/CMakeFiles/CMakeTmp'


    Feature record: CXX_FEATURE:0cxx_aggregate_default_initializers
    Feature record: CXX_FEATURE:0cxx_alias_templates
    Feature record: CXX_FEATURE:0cxx_alignas
    Feature record: CXX_FEATURE:0cxx_alignof
    Feature record: CXX_FEATURE:0cxx_attributes
    Feature record: CXX_FEATURE:0cxx_attribute_deprecated
    Feature record: CXX_FEATURE:0cxx_auto_type
    Feature record: CXX_FEATURE:0cxx_binary_literals
    Feature record: CXX_FEATURE:0cxx_constexpr
    Feature record: CXX_FEATURE:0cxx_contextual_conversions
    Feature record: CXX_FEATURE:0cxx_decltype
    Feature record: CXX_FEATURE:0cxx_decltype_auto
    Feature record: CXX_FEATURE:0cxx_decltype_incomplete_return_types
    Feature record: CXX_FEATURE:0cxx_default_function_template_args
    Feature record: CXX_FEATURE:0cxx_defaulted_functions
    Feature record: CXX_FEATURE:0cxx_defaulted_move_initializers
    Feature record: CXX_FEATURE:0cxx_delegating_constructors
    Feature record: CXX_FEATURE:0cxx_deleted_functions
    Feature record: CXX_FEATURE:0cxx_digit_separators
    Feature record: CXX_FEATURE:0cxx_enum_forward_declarations
    Feature record: CXX_FEATURE:0cxx_explicit_conversions
    Feature record: CXX_FEATURE:0cxx_extended_friend_declarations
    Feature record: CXX_FEATURE:0cxx_extern_templates
    Feature record: CXX_FEATURE:0cxx_final
    Feature record: CXX_FEATURE:0cxx_func_identifier
    Feature record: CXX_FEATURE:0cxx_generalized_initializers
    Feature record: CXX_FEATURE:0cxx_generic_lambdas
    Feature record: CXX_FEATURE:0cxx_inheriting_constructors
    Feature record: CXX_FEATURE:0cxx_inline_namespaces
    Feature record: CXX_FEATURE:0cxx_lambdas
    Feature record: CXX_FEATURE:0cxx_lambda_init_captures
    Feature record: CXX_FEATURE:0cxx_local_type_template_args
    Feature record: CXX_FEATURE:0cxx_long_long_type
    Feature record: CXX_FEATURE:0cxx_noexcept
    Feature record: CXX_FEATURE:0cxx_nonstatic_member_init
    Feature record: CXX_FEATURE:0cxx_nullptr
    Feature record: CXX_FEATURE:0cxx_override
    Feature record: CXX_FEATURE:0cxx_range_for
    Feature record: CXX_FEATURE:0cxx_raw_string_literals
    Feature record: CXX_FEATURE:0cxx_reference_qualified_functions
    Feature record: CXX_FEATURE:0cxx_relaxed_constexpr
    Feature record: CXX_FEATURE:0cxx_return_type_deduction
    Feature record: CXX_FEATURE:0cxx_right_angle_brackets
    Feature record: CXX_FEATURE:0cxx_rvalue_references
    Feature record: CXX_FEATURE:0cxx_sizeof_member
    Feature record: CXX_FEATURE:0cxx_static_assert
    Feature record: CXX_FEATURE:0cxx_strong_enums
    Feature record: CXX_FEATURE:1cxx_template_template_parameters
    Feature record: CXX_FEATURE:0cxx_thread_local
    Feature record: CXX_FEATURE:0cxx_trailing_return_types
    Feature record: CXX_FEATURE:0cxx_unicode_literals
    Feature record: CXX_FEATURE:0cxx_uniform_initialization
    Feature record: CXX_FEATURE:0cxx_unrestricted_unions
    Feature record: CXX_FEATURE:0cxx_user_literals
    Feature record: CXX_FEATURE:0cxx_variable_templates
    Feature record: CXX_FEATURE:0cxx_variadic_macros
    Feature record: CXX_FEATURE:0cxx_variadic_templates
